<?xml version="1.0" encoding="UTF-8"?>
<testsuite xmlns:xsi="http://www.w3.org/2001/XMLSchema-instance" xsi:noNamespaceSchemaLocation="https://maven.apache.org/surefire/maven-surefire-plugin/xsd/surefire-test-report-3.0.xsd" version="3.0" name="runner.Runner" time="84.274" tests="2" errors="0" skipped="0" failures="0">
  <properties>
[...]
</properties>
  <testcase name="Validate registration process" classname="Successfully register into E Learning website" time="33.013">
    <system-out><![CDATA[Feature: Successfully register into E Learning website
				& send a mail using compose option

  @Registration_validation
  Scenario Outline: Validate registration process # src/test/resources/feature/Epic.feature:5
    Given user is on Homepage <Befor login> using <browser>
    When clicked on Sign_up option
    Then redirected to user Registration page
    And user enters <firstName>,<lastName>,<email>,<userId>,<password> & <confirmPasssword> details
    Then clicked on Registration button
    And validate acknowlefgement message and clicked on the icon on top right corner & validate the dropdown with <username>
    Then clicked on Homepage button and log out

    Examples: 

  @Registration_validation
  Scenario Outline: Validate registration process                                                                                # src/test/resources/feature/Epic.feature:16
    Given user is on Homepage <Befor login> using "Chrome"                                                                       # Step_definations.user_is_on_Homepage_Befor_login_using(String)
    When clicked on Sign_up option                                                                                               # Step_definations.clicked_on_Sign_up_option()
    Then redirected to user Registration page                                                                                    # Step_definations.redirected_to_user_Registration_page()
    And user enters "Aomine","Daiki","akadk@tou.com","Akaace","touhou@2020" & "touhou@2020" details                              # Step_definations.user_enters_details(String,String,String,String,String,String)
    Then clicked on Registration button                                                                                          # Step_definations.clicked_on_Registration_button()
    And validate acknowlefgement message and clicked on the icon on top right corner & validate the dropdown with "Aomine Daiki" # Step_definations.validate_acknowlefgement_message_and_clicked_on_the_icon_on_top_right_corner_validate_the_dropdown_with(String)
    Then clicked on Homepage button and log out                                                                                  # Step_definations.clicked_on_Homepage_button_and_log_out()
]]></system-out>
    <system-err><![CDATA[Starting ChromeDriver 87.0.4280.88 (89e2380a3e36c3464b5dd1302349b1382549290d-refs/branch-heads/4280@{#1761}) on port 37337
Only local connections are allowed.
Please see https://chromedriver.chromium.org/security-considerations for suggestions on keeping ChromeDriver safe.
ChromeDriver was started successfully.
Dec 11, 2020 7:38:34 AM org.openqa.selenium.remote.ProtocolHandshake createSession
INFO: Detected dialect: W3C
]]></system-err>
  </testcase>
  <testcase name="Validate Compose mail functionality" classname="Successfully register into E Learning website" time="48.933">
    <system-out><![CDATA[
  @Compose_mail_functionality_validation
  Scenario Outline: Validate Compose mail functionality # src/test/resources/feature/Epic.feature:19
    Given Verify user logi credentials on Homepage using <userId>,<password>& <username> using <browser>
    When clicked on Compose option
    And user enters <send_to>,<subject> & <message> details
    Then clicked on Send Message button
    And user gets the confirmation message
    Then clicked on top right corner
    And clicked on Logout option

    Examples: 

  @Compose_mail_functionality_validation
  Scenario Outline: Validate Compose mail functionality                                                            # src/test/resources/feature/Epic.feature:30
    Given Verify user logi credentials on Homepage using "AkaEmpr","rakuzan@2020"& "Akashi Seijuro" using "Chrome" # Step_definations.verify_user_logi_credentials_on_Homepage_using_using(String,String,String,String)
    When clicked on Compose option                                                                                 # Step_definations.clicked_on_Compose_option()
Switched frame
    And user enters "naveen","Test1" & "Something" details                                                         # Step_definations.user_enters_details(String,String,String)
    Then clicked on Send Message button                                                                            # Step_definations.clicked_on_Send_Message_button()
    And user gets the confirmation message                                                                         # Step_definations.user_gets_the_confirmation_message()
    Then clicked on top right corner                                                                               # Step_definations.clicked_on_top_right_corner()
    And clicked on Logout option                                                                                   # Step_definations.clicked_on_Logout_option()
]]></system-out>
    <system-err><![CDATA[Starting ChromeDriver 87.0.4280.88 (89e2380a3e36c3464b5dd1302349b1382549290d-refs/branch-heads/4280@{#1761}) on port 34662
Only local connections are allowed.
Please see https://chromedriver.chromium.org/security-considerations for suggestions on keeping ChromeDriver safe.
ChromeDriver was started successfully.
Dec 11, 2020 7:39:05 AM org.openqa.selenium.remote.ProtocolHandshake createSession
INFO: Detected dialect: W3C
]]></system-err>
  </testcase>
</testsuite>